8/9/2023 -- 12:30:19 - <Notice> - This is Suricata version 6.0.4 RELEASE running in SYSTEM mode
8/9/2023 -- 12:30:19 - <Info> - CPUs/cores online: 4
8/9/2023 -- 12:30:19 - <Info> - Found an MTU of 1500 for 'eth0'
8/9/2023 -- 12:30:19 - <Info> - Found an MTU of 1500 for 'eth0'
8/9/2023 -- 12:30:19 - <Info> - fast output device (regular) initialized: fast.log
8/9/2023 -- 12:30:19 - <Info> - eve-log output device (regular) initialized: eve.json
8/9/2023 -- 12:30:19 - <Info> - stats output device (regular) initialized: stats.log
8/9/2023 -- 12:30:19 - <Warning> - [ERRCODE: SC_ERR_NO_RULES(42)] - No rule files match the pattern /etc/suricata/rules/suricata.rules
8/9/2023 -- 12:30:19 - <Warning> - [ERRCODE: SC_ERR_NO_RULES(42)] - No rule files match the pattern /etc/suricata/test.rules
8/9/2023 -- 12:30:19 - <Warning> - [ERRCODE: SC_ERR_NO_RULES_LOADED(43)] - 2 rule files specified, but no rules were loaded!
8/9/2023 -- 12:30:19 - <Info> - Threshold config parsed: 0 rule(s) found
8/9/2023 -- 12:30:19 - <Info> - 0 signatures processed. 0 are IP-only rules, 0 are inspecting packet payload, 0 inspect application layer, 0 are decoder event only
8/9/2023 -- 12:30:19 - <Warning> - [ERRCODE: SC_ERR_SYSCALL(50)] - Failure when trying to set feature via ioctl for 'eth0': Operation not permitted (1)
8/9/2023 -- 12:30:19 - <Warning> - [ERRCODE: SC_ERR_SYSCALL(50)] - Failure when trying to set feature via ioctl for 'eth0': Operation not permitted (1)
8/9/2023 -- 12:30:19 - <Warning> - [ERRCODE: SC_ERR_SYSCALL(50)] - Failure when trying to set feature via ioctl for 'eth0': Operation not permitted (1)
8/9/2023 -- 12:30:19 - <Info> - Going to use 4 thread(s)
8/9/2023 -- 12:30:19 - <Info> - Using unix socket file '/var/run/suricata-command.socket'
8/9/2023 -- 12:30:19 - <Notice> - all 4 packet processing threads, 4 management threads initialized, engine started.
8/9/2023 -- 12:30:20 - <Info> - All AFP capture threads are running.
8/9/2023 -- 12:31:30 - <Notice> - Signal Received.  Stopping engine.
8/9/2023 -- 12:31:30 - <Info> - time elapsed 70.450s
8/9/2023 -- 12:31:30 - <Info> - Alerts: 0
8/9/2023 -- 12:31:30 - <Info> - cleaning up signature grouping structure... complete
8/9/2023 -- 12:31:30 - <Notice> - Stats for 'eth0':  pkts: 90, drop: 0 (0.00%), invalid chksum: 0
8/9/2023 -- 12:31:30 - <Warning> - [ERRCODE: SC_ERR_SYSCALL(50)] - Failure when trying to set feature via ioctl for 'eth0': Operation not permitted (1)
8/9/2023 -- 12:31:30 - <Warning> - [ERRCODE: SC_ERR_SYSCALL(50)] - Failure when trying to set feature via ioctl for 'eth0': Operation not permitted (1)
8/9/2023 -- 12:31:30 - <Warning> - [ERRCODE: SC_ERR_SYSCALL(50)] - Failure when trying to set feature via ioctl for 'eth0': Operation not permitted (1)
8/9/2023 -- 12:31:54 - <Notice> - This is Suricata version 6.0.4 RELEASE running in SYSTEM mode
8/9/2023 -- 12:31:54 - <Info> - CPUs/cores online: 4
8/9/2023 -- 12:31:54 - <Info> - Found an MTU of 1500 for 'eth0'
8/9/2023 -- 12:31:54 - <Info> - Found an MTU of 1500 for 'eth0'
8/9/2023 -- 12:31:54 - <Info> - fast output device (regular) initialized: fast.log
8/9/2023 -- 12:31:54 - <Info> - eve-log output device (regular) initialized: eve.json
8/9/2023 -- 12:31:54 - <Info> - stats output device (regular) initialized: stats.log
8/9/2023 -- 12:31:54 - <Warning> - [ERRCODE: SC_ERR_NO_RULES(42)] - No rule files match the pattern /etc/suricata/rules/suricata.rules
8/9/2023 -- 12:31:54 - <Warning> - [ERRCODE: SC_ERR_NO_RULES(42)] - No rule files match the pattern /etc/suricata/test.rules
8/9/2023 -- 12:31:54 - <Warning> - [ERRCODE: SC_ERR_NO_RULES_LOADED(43)] - 2 rule files specified, but no rules were loaded!
8/9/2023 -- 12:31:54 - <Info> - Threshold config parsed: 0 rule(s) found
8/9/2023 -- 12:31:54 - <Info> - 0 signatures processed. 0 are IP-only rules, 0 are inspecting packet payload, 0 inspect application layer, 0 are decoder event only
8/9/2023 -- 12:31:54 - <Warning> - [ERRCODE: SC_ERR_SYSCALL(50)] - Failure when trying to set feature via ioctl for 'eth0': Operation not permitted (1)
8/9/2023 -- 12:31:54 - <Warning> - [ERRCODE: SC_ERR_SYSCALL(50)] - Failure when trying to set feature via ioctl for 'eth0': Operation not permitted (1)
8/9/2023 -- 12:31:54 - <Warning> - [ERRCODE: SC_ERR_SYSCALL(50)] - Failure when trying to set feature via ioctl for 'eth0': Operation not permitted (1)
8/9/2023 -- 12:31:54 - <Info> - Going to use 4 thread(s)
8/9/2023 -- 12:31:54 - <Info> - Using unix socket file '/var/run/suricata-command.socket'
8/9/2023 -- 12:31:54 - <Notice> - all 4 packet processing threads, 4 management threads initialized, engine started.
8/9/2023 -- 12:31:54 - <Info> - All AFP capture threads are running.
8/9/2023 -- 12:32:17 - <Notice> - Signal Received.  Stopping engine.
8/9/2023 -- 12:32:17 - <Info> - time elapsed 23.757s
8/9/2023 -- 12:32:17 - <Info> - Alerts: 0
8/9/2023 -- 12:32:17 - <Info> - cleaning up signature grouping structure... complete
8/9/2023 -- 12:32:17 - <Notice> - Stats for 'eth0':  pkts: 0, drop: 0 (nan%), invalid chksum: 0
8/9/2023 -- 12:32:17 - <Warning> - [ERRCODE: SC_ERR_SYSCALL(50)] - Failure when trying to set feature via ioctl for 'eth0': Operation not permitted (1)
8/9/2023 -- 12:32:17 - <Warning> - [ERRCODE: SC_ERR_SYSCALL(50)] - Failure when trying to set feature via ioctl for 'eth0': Operation not permitted (1)
8/9/2023 -- 12:32:17 - <Warning> - [ERRCODE: SC_ERR_SYSCALL(50)] - Failure when trying to set feature via ioctl for 'eth0': Operation not permitted (1)
8/9/2023 -- 12:32:23 - <Notice> - This is Suricata version 6.0.4 RELEASE running in SYSTEM mode
8/9/2023 -- 12:32:23 - <Info> - CPUs/cores online: 4
8/9/2023 -- 12:32:23 - <Info> - Found an MTU of 1500 for 'eth0'
8/9/2023 -- 12:32:23 - <Info> - Found an MTU of 1500 for 'eth0'
8/9/2023 -- 12:32:23 - <Info> - fast output device (regular) initialized: fast.log
8/9/2023 -- 12:32:23 - <Info> - eve-log output device (regular) initialized: eve.json
8/9/2023 -- 12:32:23 - <Info> - stats output device (regular) initialized: stats.log
8/9/2023 -- 12:32:23 - <Warning> - [ERRCODE: SC_ERR_NO_RULES(42)] - No rule files match the pattern /etc/suricata/rules/suricata.rules
8/9/2023 -- 12:32:23 - <Error> - [ERRCODE: SC_ERR_INVALID_NUMERIC_VALUE(60)] - sid value 0 is invalid
8/9/2023 -- 12:32:23 - <Error> - [ERRCODE: SC_ERR_INVALID_SIGNATURE(39)] - error parsing signature "alert tcp any any -> any any (msg:"tcp test rules"; content:" "; sid:0;)" from file /etc/suricata/rules/test.rules at line 1
8/9/2023 -- 12:32:23 - <Warning> - [ERRCODE: SC_ERR_NO_RULES_LOADED(43)] - 2 rule files specified, but no rules were loaded!
8/9/2023 -- 12:32:23 - <Info> - Threshold config parsed: 0 rule(s) found
8/9/2023 -- 12:32:23 - <Info> - 0 signatures processed. 0 are IP-only rules, 0 are inspecting packet payload, 0 inspect application layer, 0 are decoder event only
8/9/2023 -- 12:32:23 - <Warning> - [ERRCODE: SC_ERR_SYSCALL(50)] - Failure when trying to set feature via ioctl for 'eth0': Operation not permitted (1)
8/9/2023 -- 12:32:23 - <Warning> - [ERRCODE: SC_ERR_SYSCALL(50)] - Failure when trying to set feature via ioctl for 'eth0': Operation not permitted (1)
8/9/2023 -- 12:32:23 - <Warning> - [ERRCODE: SC_ERR_SYSCALL(50)] - Failure when trying to set feature via ioctl for 'eth0': Operation not permitted (1)
8/9/2023 -- 12:32:23 - <Info> - Going to use 4 thread(s)
8/9/2023 -- 12:32:23 - <Info> - Using unix socket file '/var/run/suricata-command.socket'
8/9/2023 -- 12:32:23 - <Notice> - all 4 packet processing threads, 4 management threads initialized, engine started.
8/9/2023 -- 12:32:23 - <Info> - All AFP capture threads are running.
8/9/2023 -- 12:32:41 - <Notice> - Signal Received.  Stopping engine.
8/9/2023 -- 12:32:41 - <Info> - time elapsed 18.214s
8/9/2023 -- 12:32:41 - <Info> - Alerts: 0
8/9/2023 -- 12:32:41 - <Info> - cleaning up signature grouping structure... complete
8/9/2023 -- 12:32:41 - <Notice> - Stats for 'eth0':  pkts: 1, drop: 0 (0.00%), invalid chksum: 0
8/9/2023 -- 12:32:41 - <Warning> - [ERRCODE: SC_ERR_SYSCALL(50)] - Failure when trying to set feature via ioctl for 'eth0': Operation not permitted (1)
8/9/2023 -- 12:32:41 - <Warning> - [ERRCODE: SC_ERR_SYSCALL(50)] - Failure when trying to set feature via ioctl for 'eth0': Operation not permitted (1)
8/9/2023 -- 12:32:41 - <Warning> - [ERRCODE: SC_ERR_SYSCALL(50)] - Failure when trying to set feature via ioctl for 'eth0': Operation not permitted (1)
8/9/2023 -- 12:33:29 - <Notice> - This is Suricata version 6.0.4 RELEASE running in SYSTEM mode
8/9/2023 -- 12:33:29 - <Info> - CPUs/cores online: 4
8/9/2023 -- 12:33:29 - <Info> - Found an MTU of 1500 for 'eth0'
8/9/2023 -- 12:33:29 - <Info> - Found an MTU of 1500 for 'eth0'
8/9/2023 -- 12:33:29 - <Info> - fast output device (regular) initialized: fast.log
8/9/2023 -- 12:33:29 - <Info> - eve-log output device (regular) initialized: eve.json
8/9/2023 -- 12:33:29 - <Info> - stats output device (regular) initialized: stats.log
8/9/2023 -- 12:33:29 - <Warning> - [ERRCODE: SC_ERR_NO_RULES(42)] - No rule files match the pattern /etc/suricata/rules/suricata.rules
8/9/2023 -- 12:33:29 - <Info> - 2 rule files processed. 1 rules successfully loaded, 0 rules failed
8/9/2023 -- 12:33:29 - <Info> - Threshold config parsed: 0 rule(s) found
8/9/2023 -- 12:33:29 - <Info> - 1 signatures processed. 0 are IP-only rules, 1 are inspecting packet payload, 0 inspect application layer, 0 are decoder event only
8/9/2023 -- 12:33:29 - <Warning> - [ERRCODE: SC_ERR_SYSCALL(50)] - Failure when trying to set feature via ioctl for 'eth0': Operation not permitted (1)
8/9/2023 -- 12:33:29 - <Warning> - [ERRCODE: SC_ERR_SYSCALL(50)] - Failure when trying to set feature via ioctl for 'eth0': Operation not permitted (1)
8/9/2023 -- 12:33:29 - <Warning> - [ERRCODE: SC_ERR_SYSCALL(50)] - Failure when trying to set feature via ioctl for 'eth0': Operation not permitted (1)
8/9/2023 -- 12:33:29 - <Info> - Going to use 4 thread(s)
8/9/2023 -- 12:33:29 - <Info> - Using unix socket file '/var/run/suricata-command.socket'
8/9/2023 -- 12:33:29 - <Notice> - all 4 packet processing threads, 4 management threads initialized, engine started.
8/9/2023 -- 12:33:29 - <Info> - All AFP capture threads are running.
8/9/2023 -- 12:35:23 - <Notice> - Signal Received.  Stopping engine.
8/9/2023 -- 12:35:23 - <Info> - time elapsed 113.386s
8/9/2023 -- 12:35:23 - <Info> - Alerts: 0
8/9/2023 -- 12:35:23 - <Info> - cleaning up signature grouping structure... complete
8/9/2023 -- 12:35:23 - <Notice> - Stats for 'eth0':  pkts: 0, drop: 0 (nan%), invalid chksum: 0
8/9/2023 -- 12:35:23 - <Warning> - [ERRCODE: SC_ERR_SYSCALL(50)] - Failure when trying to set feature via ioctl for 'eth0': Operation not permitted (1)
8/9/2023 -- 12:35:23 - <Warning> - [ERRCODE: SC_ERR_SYSCALL(50)] - Failure when trying to set feature via ioctl for 'eth0': Operation not permitted (1)
8/9/2023 -- 12:35:23 - <Warning> - [ERRCODE: SC_ERR_SYSCALL(50)] - Failure when trying to set feature via ioctl for 'eth0': Operation not permitted (1)
9/9/2023 -- 05:57:38 - <Notice> - This is Suricata version 6.0.4 RELEASE running in SYSTEM mode
9/9/2023 -- 05:57:38 - <Info> - CPUs/cores online: 4
9/9/2023 -- 05:57:38 - <Info> - Found an MTU of 1500 for 'eth0'
9/9/2023 -- 05:57:38 - <Info> - Found an MTU of 1500 for 'eth0'
9/9/2023 -- 05:57:38 - <Info> - fast output device (regular) initialized: fast.log
9/9/2023 -- 05:57:38 - <Info> - eve-log output device (regular) initialized: eve.json
9/9/2023 -- 05:57:38 - <Info> - stats output device (regular) initialized: stats.log
9/9/2023 -- 05:57:38 - <Warning> - [ERRCODE: SC_ERR_NO_RULES(42)] - No rule files match the pattern /etc/suricata/rules/suricata.rules
9/9/2023 -- 05:57:38 - <Warning> - [ERRCODE: SC_ERR_NO_RULES_LOADED(43)] - 1 rule files specified, but no rules were loaded!
9/9/2023 -- 05:57:38 - <Info> - Threshold config parsed: 0 rule(s) found
9/9/2023 -- 05:57:38 - <Info> - 0 signatures processed. 0 are IP-only rules, 0 are inspecting packet payload, 0 inspect application layer, 0 are decoder event only
9/9/2023 -- 05:57:38 - <Info> - Going to use 4 thread(s)
9/9/2023 -- 05:57:38 - <Info> - Using unix socket file '/var/run/suricata-command.socket'
9/9/2023 -- 05:57:38 - <Notice> - all 4 packet processing threads, 4 management threads initialized, engine started.
9/9/2023 -- 05:57:38 - <Info> - All AFP capture threads are running.
9/9/2023 -- 05:57:55 - <Notice> - Signal Received.  Stopping engine.
9/9/2023 -- 05:57:56 - <Info> - time elapsed 17.893s
9/9/2023 -- 05:57:56 - <Info> - Alerts: 0
9/9/2023 -- 05:57:56 - <Info> - cleaning up signature grouping structure... complete
9/9/2023 -- 05:57:56 - <Notice> - Stats for 'eth0':  pkts: 0, drop: 0 (nan%), invalid chksum: 0
9/9/2023 -- 05:58:55 - <Notice> - This is Suricata version 6.0.4 RELEASE running in SYSTEM mode
9/9/2023 -- 05:58:55 - <Info> - CPUs/cores online: 4
9/9/2023 -- 05:58:55 - <Info> - Found an MTU of 1500 for 'eth0'
9/9/2023 -- 05:58:55 - <Info> - Found an MTU of 1500 for 'eth0'
9/9/2023 -- 05:58:55 - <Info> - fast output device (regular) initialized: fast.log
9/9/2023 -- 05:58:55 - <Info> - eve-log output device (regular) initialized: eve.json
9/9/2023 -- 05:58:55 - <Info> - stats output device (regular) initialized: stats.log
9/9/2023 -- 05:58:55 - <Warning> - [ERRCODE: SC_ERR_NO_RULES(42)] - No rule files match the pattern /etc/suricata/rules/suricata.rules
9/9/2023 -- 05:58:55 - <Warning> - [ERRCODE: SC_ERR_NO_RULES(42)] - No rule files match the pattern suricata.rules
9/9/2023 -- 05:58:55 - <Warning> - [ERRCODE: SC_ERR_NO_RULES_LOADED(43)] - 2 rule files specified, but no rules were loaded!
9/9/2023 -- 05:58:55 - <Info> - Threshold config parsed: 0 rule(s) found
9/9/2023 -- 05:58:55 - <Info> - 0 signatures processed. 0 are IP-only rules, 0 are inspecting packet payload, 0 inspect application layer, 0 are decoder event only
9/9/2023 -- 05:58:55 - <Info> - Going to use 4 thread(s)
9/9/2023 -- 05:58:55 - <Info> - Using unix socket file '/var/run/suricata-command.socket'
9/9/2023 -- 05:58:55 - <Notice> - all 4 packet processing threads, 4 management threads initialized, engine started.
9/9/2023 -- 05:58:55 - <Info> - All AFP capture threads are running.
9/9/2023 -- 05:58:59 - <Notice> - Signal Received.  Stopping engine.
9/9/2023 -- 05:58:59 - <Info> - time elapsed 4.196s
9/9/2023 -- 05:58:59 - <Info> - Alerts: 0
9/9/2023 -- 05:58:59 - <Info> - cleaning up signature grouping structure... complete
9/9/2023 -- 05:58:59 - <Notice> - Stats for 'eth0':  pkts: 0, drop: 0 (nan%), invalid chksum: 0
9/9/2023 -- 06:20:26 - <Notice> - This is Suricata version 6.0.4 RELEASE running in SYSTEM mode
9/9/2023 -- 06:20:26 - <Info> - CPUs/cores online: 4
9/9/2023 -- 06:20:26 - <Info> - Found an MTU of 1500 for 'eth0'
9/9/2023 -- 06:20:26 - <Info> - Found an MTU of 1500 for 'eth0'
9/9/2023 -- 06:20:26 - <Info> - fast output device (regular) initialized: fast.log
9/9/2023 -- 06:20:26 - <Info> - eve-log output device (regular) initialized: eve.json
9/9/2023 -- 06:20:26 - <Info> - stats output device (regular) initialized: stats.log
9/9/2023 -- 06:20:26 - <Info> - 1 rule files processed. 1 rules successfully loaded, 0 rules failed
9/9/2023 -- 06:20:26 - <Info> - Threshold config parsed: 0 rule(s) found
9/9/2023 -- 06:20:26 - <Info> - 1 signatures processed. 0 are IP-only rules, 1 are inspecting packet payload, 0 inspect application layer, 0 are decoder event only
9/9/2023 -- 06:20:26 - <Info> - Going to use 4 thread(s)
9/9/2023 -- 06:20:26 - <Info> - Using unix socket file '/var/run/suricata-command.socket'
9/9/2023 -- 06:20:26 - <Notice> - all 4 packet processing threads, 4 management threads initialized, engine started.
9/9/2023 -- 06:20:26 - <Info> - All AFP capture threads are running.
9/9/2023 -- 06:20:30 - <Notice> - Signal Received.  Stopping engine.
9/9/2023 -- 06:20:30 - <Info> - time elapsed 4.031s
9/9/2023 -- 06:20:30 - <Info> - Alerts: 0
9/9/2023 -- 06:20:30 - <Info> - cleaning up signature grouping structure... complete
9/9/2023 -- 06:20:30 - <Notice> - Stats for 'eth0':  pkts: 0, drop: 0 (nan%), invalid chksum: 0
9/9/2023 -- 06:21:11 - <Notice> - This is Suricata version 6.0.4 RELEASE running in SYSTEM mode
9/9/2023 -- 06:21:11 - <Info> - CPUs/cores online: 4
9/9/2023 -- 06:21:11 - <Info> - Found an MTU of 1500 for 'eth0'
9/9/2023 -- 06:21:11 - <Info> - Found an MTU of 1500 for 'eth0'
9/9/2023 -- 06:21:11 - <Info> - fast output device (regular) initialized: fast.log
9/9/2023 -- 06:21:11 - <Info> - eve-log output device (regular) initialized: eve.json
9/9/2023 -- 06:21:11 - <Info> - stats output device (regular) initialized: stats.log
9/9/2023 -- 06:21:11 - <Info> - 1 rule files processed. 1 rules successfully loaded, 0 rules failed
9/9/2023 -- 06:21:11 - <Info> - Threshold config parsed: 0 rule(s) found
9/9/2023 -- 06:21:11 - <Info> - 1 signatures processed. 0 are IP-only rules, 1 are inspecting packet payload, 0 inspect application layer, 0 are decoder event only
9/9/2023 -- 06:21:11 - <Info> - Going to use 4 thread(s)
9/9/2023 -- 06:21:11 - <Info> - Using unix socket file '/var/run/suricata-command.socket'
9/9/2023 -- 06:21:11 - <Notice> - all 4 packet processing threads, 4 management threads initialized, engine started.
9/9/2023 -- 06:21:11 - <Info> - All AFP capture threads are running.
9/9/2023 -- 06:29:20 - <Notice> - Signal Received.  Stopping engine.
9/9/2023 -- 06:29:20 - <Info> - time elapsed 488.796s
9/9/2023 -- 06:29:20 - <Info> - Alerts: 4
9/9/2023 -- 06:29:20 - <Info> - cleaning up signature grouping structure... complete
9/9/2023 -- 06:29:20 - <Notice> - Stats for 'eth0':  pkts: 155, drop: 0 (0.00%), invalid chksum: 0
9/9/2023 -- 06:29:29 - <Notice> - This is Suricata version 6.0.4 RELEASE running in SYSTEM mode
9/9/2023 -- 06:29:29 - <Info> - CPUs/cores online: 4
9/9/2023 -- 06:29:29 - <Info> - Found an MTU of 1500 for 'eth0'
9/9/2023 -- 06:29:29 - <Info> - Found an MTU of 1500 for 'eth0'
9/9/2023 -- 06:29:29 - <Info> - fast output device (regular) initialized: fast.log
9/9/2023 -- 06:29:29 - <Info> - eve-log output device (regular) initialized: eve.json
9/9/2023 -- 06:29:29 - <Info> - stats output device (regular) initialized: stats.log
9/9/2023 -- 06:29:29 - <Info> - 1 rule files processed. 1 rules successfully loaded, 0 rules failed
9/9/2023 -- 06:29:29 - <Info> - Threshold config parsed: 0 rule(s) found
9/9/2023 -- 06:29:29 - <Info> - 1 signatures processed. 0 are IP-only rules, 1 are inspecting packet payload, 0 inspect application layer, 0 are decoder event only
9/9/2023 -- 06:29:29 - <Info> - Going to use 4 thread(s)
9/9/2023 -- 06:29:29 - <Info> - Using unix socket file '/var/run/suricata-command.socket'
9/9/2023 -- 06:29:29 - <Notice> - all 4 packet processing threads, 4 management threads initialized, engine started.
9/9/2023 -- 06:29:29 - <Info> - All AFP capture threads are running.
9/9/2023 -- 06:30:58 - <Notice> - Signal Received.  Stopping engine.
9/9/2023 -- 06:30:59 - <Info> - time elapsed 89.149s
9/9/2023 -- 06:30:59 - <Info> - Alerts: 0
9/9/2023 -- 06:30:59 - <Info> - cleaning up signature grouping structure... complete
9/9/2023 -- 06:30:59 - <Notice> - Stats for 'eth0':  pkts: 12, drop: 0 (0.00%), invalid chksum: 0
9/9/2023 -- 06:33:31 - <Notice> - This is Suricata version 6.0.4 RELEASE running in SYSTEM mode
9/9/2023 -- 06:33:31 - <Info> - CPUs/cores online: 4
9/9/2023 -- 06:33:31 - <Info> - Found an MTU of 1500 for 'eth0'
9/9/2023 -- 06:33:31 - <Info> - Found an MTU of 1500 for 'eth0'
9/9/2023 -- 06:33:31 - <Info> - fast output device (regular) initialized: fast.log
9/9/2023 -- 06:33:31 - <Info> - eve-log output device (regular) initialized: eve.json
9/9/2023 -- 06:33:31 - <Info> - stats output device (regular) initialized: stats.log
9/9/2023 -- 06:33:31 - <Info> - 1 rule files processed. 1 rules successfully loaded, 0 rules failed
9/9/2023 -- 06:33:31 - <Info> - Threshold config parsed: 0 rule(s) found
9/9/2023 -- 06:33:31 - <Info> - 1 signatures processed. 0 are IP-only rules, 1 are inspecting packet payload, 0 inspect application layer, 0 are decoder event only
9/9/2023 -- 06:33:31 - <Info> - Going to use 4 thread(s)
9/9/2023 -- 06:33:31 - <Info> - Using unix socket file '/var/run/suricata-command.socket'
9/9/2023 -- 06:33:31 - <Notice> - all 4 packet processing threads, 4 management threads initialized, engine started.
9/9/2023 -- 06:33:31 - <Info> - All AFP capture threads are running.
9/9/2023 -- 06:43:16 - <Notice> - Signal Received.  Stopping engine.
9/9/2023 -- 06:43:17 - <Info> - time elapsed 585.739s
9/9/2023 -- 06:43:17 - <Info> - Alerts: 0
9/9/2023 -- 06:43:17 - <Info> - cleaning up signature grouping structure... complete
9/9/2023 -- 06:43:17 - <Notice> - Stats for 'eth0':  pkts: 16, drop: 0 (0.00%), invalid chksum: 0
9/9/2023 -- 06:43:34 - <Notice> - This is Suricata version 6.0.4 RELEASE running in SYSTEM mode
9/9/2023 -- 06:43:34 - <Info> - CPUs/cores online: 4
9/9/2023 -- 06:43:34 - <Info> - Found an MTU of 1500 for 'eth0'
9/9/2023 -- 06:43:34 - <Info> - Found an MTU of 1500 for 'eth0'
9/9/2023 -- 06:43:34 - <Info> - fast output device (regular) initialized: fast.log
9/9/2023 -- 06:43:34 - <Info> - eve-log output device (regular) initialized: eve.json
9/9/2023 -- 06:43:34 - <Info> - stats output device (regular) initialized: stats.log
9/9/2023 -- 06:43:34 - <Info> - 1 rule files processed. 1 rules successfully loaded, 0 rules failed
9/9/2023 -- 06:43:34 - <Info> - Threshold config parsed: 0 rule(s) found
9/9/2023 -- 06:43:34 - <Info> - 1 signatures processed. 0 are IP-only rules, 1 are inspecting packet payload, 0 inspect application layer, 0 are decoder event only
9/9/2023 -- 06:43:34 - <Info> - Going to use 4 thread(s)
9/9/2023 -- 06:43:34 - <Info> - Using unix socket file '/var/run/suricata-command.socket'
9/9/2023 -- 06:43:34 - <Notice> - all 4 packet processing threads, 4 management threads initialized, engine started.
9/9/2023 -- 06:43:34 - <Info> - All AFP capture threads are running.
9/9/2023 -- 06:44:38 - <Notice> - Signal Received.  Stopping engine.
9/9/2023 -- 06:44:38 - <Info> - time elapsed 64.060s
9/9/2023 -- 06:44:38 - <Info> - Alerts: 0
9/9/2023 -- 06:44:38 - <Info> - cleaning up signature grouping structure... complete
9/9/2023 -- 06:44:38 - <Notice> - Stats for 'eth0':  pkts: 9, drop: 0 (0.00%), invalid chksum: 0
9/9/2023 -- 06:44:51 - <Notice> - This is Suricata version 6.0.4 RELEASE running in SYSTEM mode
9/9/2023 -- 06:44:51 - <Info> - CPUs/cores online: 4
9/9/2023 -- 06:44:51 - <Info> - Found an MTU of 1500 for 'eth0'
9/9/2023 -- 06:44:51 - <Info> - Found an MTU of 1500 for 'eth0'
9/9/2023 -- 06:44:51 - <Info> - fast output device (regular) initialized: fast.log
9/9/2023 -- 06:44:51 - <Info> - eve-log output device (regular) initialized: eve.json
9/9/2023 -- 06:44:51 - <Info> - stats output device (regular) initialized: stats.log
9/9/2023 -- 06:44:51 - <Info> - 1 rule files processed. 1 rules successfully loaded, 0 rules failed
9/9/2023 -- 06:44:51 - <Info> - Threshold config parsed: 0 rule(s) found
9/9/2023 -- 06:44:51 - <Info> - 1 signatures processed. 0 are IP-only rules, 1 are inspecting packet payload, 0 inspect application layer, 0 are decoder event only
9/9/2023 -- 06:44:51 - <Info> - Going to use 4 thread(s)
9/9/2023 -- 06:44:51 - <Info> - Using unix socket file '/var/run/suricata-command.socket'
9/9/2023 -- 06:44:51 - <Notice> - all 4 packet processing threads, 4 management threads initialized, engine started.
9/9/2023 -- 06:44:52 - <Info> - All AFP capture threads are running.
9/9/2023 -- 06:49:12 - <Notice> - Signal Received.  Stopping engine.
9/9/2023 -- 06:49:12 - <Info> - time elapsed 260.415s
9/9/2023 -- 06:49:12 - <Info> - Alerts: 0
9/9/2023 -- 06:49:12 - <Info> - cleaning up signature grouping structure... complete
9/9/2023 -- 06:49:12 - <Notice> - Stats for 'eth0':  pkts: 16, drop: 0 (0.00%), invalid chksum: 0
9/9/2023 -- 06:51:28 - <Notice> - This is Suricata version 6.0.4 RELEASE running in SYSTEM mode
9/9/2023 -- 06:51:28 - <Info> - CPUs/cores online: 4
9/9/2023 -- 06:51:28 - <Info> - Found an MTU of 1500 for 'eth0'
9/9/2023 -- 06:51:28 - <Info> - Found an MTU of 1500 for 'eth0'
9/9/2023 -- 06:51:28 - <Info> - fast output device (regular) initialized: fast.log
9/9/2023 -- 06:51:28 - <Info> - eve-log output device (regular) initialized: eve.json
9/9/2023 -- 06:51:28 - <Info> - stats output device (regular) initialized: stats.log
9/9/2023 -- 06:51:28 - <Info> - 1 rule files processed. 1 rules successfully loaded, 0 rules failed
9/9/2023 -- 06:51:28 - <Info> - Threshold config parsed: 0 rule(s) found
9/9/2023 -- 06:51:28 - <Info> - 1 signatures processed. 0 are IP-only rules, 1 are inspecting packet payload, 0 inspect application layer, 0 are decoder event only
9/9/2023 -- 06:51:28 - <Info> - Going to use 4 thread(s)
9/9/2023 -- 06:51:28 - <Info> - Using unix socket file '/var/run/suricata-command.socket'
9/9/2023 -- 06:51:28 - <Notice> - all 4 packet processing threads, 4 management threads initialized, engine started.
9/9/2023 -- 06:51:28 - <Info> - All AFP capture threads are running.
9/9/2023 -- 06:54:19 - <Notice> - Signal Received.  Stopping engine.
9/9/2023 -- 06:54:19 - <Info> - time elapsed 170.715s
9/9/2023 -- 06:54:19 - <Info> - Alerts: 0
9/9/2023 -- 06:54:19 - <Info> - cleaning up signature grouping structure... complete
9/9/2023 -- 06:54:19 - <Notice> - Stats for 'eth0':  pkts: 11, drop: 0 (0.00%), invalid chksum: 0
9/9/2023 -- 06:55:00 - <Notice> - This is Suricata version 6.0.4 RELEASE running in SYSTEM mode
9/9/2023 -- 06:55:00 - <Info> - CPUs/cores online: 4
9/9/2023 -- 06:55:00 - <Info> - Found an MTU of 1500 for 'eth0'
9/9/2023 -- 06:55:00 - <Info> - Found an MTU of 1500 for 'eth0'
9/9/2023 -- 06:55:00 - <Info> - fast output device (regular) initialized: fast.log
9/9/2023 -- 06:55:00 - <Info> - eve-log output device (regular) initialized: eve.json
9/9/2023 -- 06:55:00 - <Info> - stats output device (regular) initialized: stats.log
9/9/2023 -- 06:55:00 - <Info> - 1 rule files processed. 1 rules successfully loaded, 0 rules failed
9/9/2023 -- 06:55:00 - <Info> - Threshold config parsed: 0 rule(s) found
9/9/2023 -- 06:55:00 - <Info> - 1 signatures processed. 0 are IP-only rules, 1 are inspecting packet payload, 0 inspect application layer, 0 are decoder event only
9/9/2023 -- 06:55:00 - <Info> - Going to use 4 thread(s)
9/9/2023 -- 06:55:00 - <Info> - Using unix socket file '/var/run/suricata-command.socket'
9/9/2023 -- 06:55:00 - <Notice> - all 4 packet processing threads, 4 management threads initialized, engine started.
9/9/2023 -- 06:55:00 - <Info> - All AFP capture threads are running.
9/9/2023 -- 07:00:55 - <Notice> - Signal Received.  Stopping engine.
9/9/2023 -- 07:00:55 - <Info> - time elapsed 355.566s
9/9/2023 -- 07:00:55 - <Info> - Alerts: 0
9/9/2023 -- 07:00:56 - <Info> - cleaning up signature grouping structure... complete
9/9/2023 -- 07:00:56 - <Notice> - Stats for 'eth0':  pkts: 16, drop: 0 (0.00%), invalid chksum: 0
9/9/2023 -- 07:01:06 - <Notice> - This is Suricata version 6.0.4 RELEASE running in SYSTEM mode
9/9/2023 -- 07:01:06 - <Info> - CPUs/cores online: 4
9/9/2023 -- 07:01:06 - <Info> - Found an MTU of 1500 for 'eth0'
9/9/2023 -- 07:01:06 - <Info> - Found an MTU of 1500 for 'eth0'
9/9/2023 -- 07:01:06 - <Info> - fast output device (regular) initialized: fast.log
9/9/2023 -- 07:01:06 - <Info> - eve-log output device (regular) initialized: eve.json
9/9/2023 -- 07:01:06 - <Info> - stats output device (regular) initialized: stats.log
9/9/2023 -- 07:01:06 - <Info> - 1 rule files processed. 1 rules successfully loaded, 0 rules failed
9/9/2023 -- 07:01:06 - <Info> - Threshold config parsed: 0 rule(s) found
9/9/2023 -- 07:01:06 - <Info> - 1 signatures processed. 0 are IP-only rules, 1 are inspecting packet payload, 0 inspect application layer, 0 are decoder event only
9/9/2023 -- 07:01:06 - <Info> - Going to use 4 thread(s)
9/9/2023 -- 07:01:06 - <Info> - Using unix socket file '/var/run/suricata-command.socket'
9/9/2023 -- 07:01:06 - <Notice> - all 4 packet processing threads, 4 management threads initialized, engine started.
9/9/2023 -- 07:01:06 - <Info> - All AFP capture threads are running.
9/9/2023 -- 07:03:06 - <Notice> - Signal Received.  Stopping engine.
9/9/2023 -- 07:03:06 - <Info> - time elapsed 120.547s
9/9/2023 -- 07:03:06 - <Info> - Alerts: 0
9/9/2023 -- 07:03:07 - <Info> - cleaning up signature grouping structure... complete
9/9/2023 -- 07:03:07 - <Notice> - Stats for 'eth0':  pkts: 13, drop: 0 (0.00%), invalid chksum: 0
9/9/2023 -- 07:04:03 - <Notice> - This is Suricata version 6.0.4 RELEASE running in SYSTEM mode
9/9/2023 -- 07:04:03 - <Info> - CPUs/cores online: 4
9/9/2023 -- 07:04:03 - <Info> - Found an MTU of 1500 for 'eth0'
9/9/2023 -- 07:04:03 - <Info> - Found an MTU of 1500 for 'eth0'
9/9/2023 -- 07:04:03 - <Info> - fast output device (regular) initialized: fast.log
9/9/2023 -- 07:04:03 - <Info> - eve-log output device (regular) initialized: eve.json
9/9/2023 -- 07:04:03 - <Info> - stats output device (regular) initialized: stats.log
9/9/2023 -- 07:04:03 - <Info> - 1 rule files processed. 1 rules successfully loaded, 0 rules failed
9/9/2023 -- 07:04:03 - <Info> - Threshold config parsed: 0 rule(s) found
9/9/2023 -- 07:04:03 - <Info> - 1 signatures processed. 0 are IP-only rules, 1 are inspecting packet payload, 0 inspect application layer, 0 are decoder event only
9/9/2023 -- 07:04:03 - <Info> - Going to use 4 thread(s)
9/9/2023 -- 07:04:03 - <Info> - Using unix socket file '/var/run/suricata-command.socket'
9/9/2023 -- 07:04:03 - <Notice> - all 4 packet processing threads, 4 management threads initialized, engine started.
9/9/2023 -- 07:04:03 - <Info> - All AFP capture threads are running.
9/9/2023 -- 07:06:06 - <Notice> - Signal Received.  Stopping engine.
9/9/2023 -- 07:06:06 - <Info> - time elapsed 122.373s
9/9/2023 -- 07:06:06 - <Info> - Alerts: 0
9/9/2023 -- 07:06:06 - <Info> - cleaning up signature grouping structure... complete
9/9/2023 -- 07:06:06 - <Notice> - Stats for 'eth0':  pkts: 12, drop: 0 (0.00%), invalid chksum: 0
9/9/2023 -- 07:06:51 - <Notice> - This is Suricata version 6.0.4 RELEASE running in SYSTEM mode
9/9/2023 -- 07:06:51 - <Info> - CPUs/cores online: 4
9/9/2023 -- 07:06:51 - <Info> - Found an MTU of 1500 for 'eth0'
9/9/2023 -- 07:06:51 - <Info> - Found an MTU of 1500 for 'eth0'
9/9/2023 -- 07:06:51 - <Info> - fast output device (regular) initialized: fast.log
9/9/2023 -- 07:06:51 - <Info> - eve-log output device (regular) initialized: eve.json
9/9/2023 -- 07:06:51 - <Info> - stats output device (regular) initialized: stats.log
9/9/2023 -- 07:06:51 - <Info> - 1 rule files processed. 1 rules successfully loaded, 0 rules failed
9/9/2023 -- 07:06:51 - <Info> - Threshold config parsed: 0 rule(s) found
9/9/2023 -- 07:06:51 - <Info> - 1 signatures processed. 0 are IP-only rules, 1 are inspecting packet payload, 0 inspect application layer, 0 are decoder event only
9/9/2023 -- 07:06:51 - <Info> - Going to use 4 thread(s)
9/9/2023 -- 07:06:51 - <Info> - Using unix socket file '/var/run/suricata-command.socket'
9/9/2023 -- 07:06:51 - <Notice> - all 4 packet processing threads, 4 management threads initialized, engine started.
9/9/2023 -- 07:06:51 - <Info> - All AFP capture threads are running.
9/9/2023 -- 07:18:22 - <Notice> - Signal Received.  Stopping engine.
9/9/2023 -- 07:18:22 - <Info> - time elapsed 691.366s
9/9/2023 -- 07:18:22 - <Info> - Alerts: 0
9/9/2023 -- 07:18:22 - <Info> - cleaning up signature grouping structure... complete
9/9/2023 -- 07:18:22 - <Notice> - Stats for 'eth0':  pkts: 16, drop: 0 (0.00%), invalid chksum: 0
9/9/2023 -- 07:19:21 - <Notice> - This is Suricata version 6.0.4 RELEASE running in SYSTEM mode
9/9/2023 -- 07:19:21 - <Info> - CPUs/cores online: 4
9/9/2023 -- 07:19:22 - <Info> - Found an MTU of 1500 for 'eth0'
9/9/2023 -- 07:19:22 - <Info> - Found an MTU of 1500 for 'eth0'
9/9/2023 -- 07:19:22 - <Info> - fast output device (regular) initialized: fast.log
9/9/2023 -- 07:19:22 - <Info> - eve-log output device (regular) initialized: eve.json
9/9/2023 -- 07:19:22 - <Info> - stats output device (regular) initialized: stats.log
9/9/2023 -- 07:19:22 - <Info> - 1 rule files processed. 1 rules successfully loaded, 0 rules failed
9/9/2023 -- 07:19:22 - <Info> - Threshold config parsed: 0 rule(s) found
9/9/2023 -- 07:19:22 - <Info> - 1 signatures processed. 0 are IP-only rules, 1 are inspecting packet payload, 0 inspect application layer, 0 are decoder event only
9/9/2023 -- 07:19:22 - <Info> - Going to use 4 thread(s)
9/9/2023 -- 07:19:22 - <Info> - Using unix socket file '/var/run/suricata-command.socket'
9/9/2023 -- 07:19:22 - <Notice> - all 4 packet processing threads, 4 management threads initialized, engine started.
9/9/2023 -- 07:19:22 - <Info> - All AFP capture threads are running.
9/9/2023 -- 07:26:22 - <Notice> - Signal Received.  Stopping engine.
9/9/2023 -- 07:26:22 - <Info> - time elapsed 420.866s
9/9/2023 -- 07:26:23 - <Info> - Alerts: 0
9/9/2023 -- 07:26:23 - <Info> - cleaning up signature grouping structure... complete
9/9/2023 -- 07:26:23 - <Notice> - Stats for 'eth0':  pkts: 13, drop: 0 (0.00%), invalid chksum: 0
9/9/2023 -- 07:26:36 - <Notice> - This is Suricata version 6.0.4 RELEASE running in SYSTEM mode
9/9/2023 -- 07:26:36 - <Info> - CPUs/cores online: 4
9/9/2023 -- 07:26:36 - <Info> - Found an MTU of 1500 for 'eth0'
9/9/2023 -- 07:26:36 - <Info> - Found an MTU of 1500 for 'eth0'
9/9/2023 -- 07:26:36 - <Info> - fast output device (regular) initialized: fast.log
9/9/2023 -- 07:26:36 - <Info> - eve-log output device (regular) initialized: eve.json
9/9/2023 -- 07:26:36 - <Info> - stats output device (regular) initialized: stats.log
9/9/2023 -- 07:26:36 - <Info> - 1 rule files processed. 1 rules successfully loaded, 0 rules failed
9/9/2023 -- 07:26:36 - <Info> - Threshold config parsed: 0 rule(s) found
9/9/2023 -- 07:26:36 - <Info> - 1 signatures processed. 0 are IP-only rules, 1 are inspecting packet payload, 0 inspect application layer, 0 are decoder event only
9/9/2023 -- 07:26:36 - <Info> - Going to use 4 thread(s)
9/9/2023 -- 07:26:36 - <Info> - Using unix socket file '/var/run/suricata-command.socket'
9/9/2023 -- 07:26:36 - <Notice> - all 4 packet processing threads, 4 management threads initialized, engine started.
9/9/2023 -- 07:26:36 - <Info> - All AFP capture threads are running.
9/9/2023 -- 07:32:07 - <Notice> - Signal Received.  Stopping engine.
9/9/2023 -- 07:32:07 - <Info> - time elapsed 331.011s
9/9/2023 -- 07:32:07 - <Info> - Alerts: 0
9/9/2023 -- 07:32:07 - <Info> - cleaning up signature grouping structure... complete
9/9/2023 -- 07:32:07 - <Notice> - Stats for 'eth0':  pkts: 15, drop: 0 (0.00%), invalid chksum: 0
9/9/2023 -- 07:32:19 - <Notice> - This is Suricata version 6.0.4 RELEASE running in SYSTEM mode
9/9/2023 -- 07:32:19 - <Info> - CPUs/cores online: 4
9/9/2023 -- 07:32:19 - <Info> - Found an MTU of 1500 for 'eth0'
9/9/2023 -- 07:32:19 - <Info> - Found an MTU of 1500 for 'eth0'
9/9/2023 -- 07:32:19 - <Info> - fast output device (regular) initialized: fast.log
9/9/2023 -- 07:32:19 - <Info> - eve-log output device (regular) initialized: eve.json
9/9/2023 -- 07:32:19 - <Info> - stats output device (regular) initialized: stats.log
9/9/2023 -- 07:32:19 - <Info> - 1 rule files processed. 1 rules successfully loaded, 0 rules failed
9/9/2023 -- 07:32:19 - <Info> - Threshold config parsed: 0 rule(s) found
9/9/2023 -- 07:32:19 - <Info> - 1 signatures processed. 0 are IP-only rules, 1 are inspecting packet payload, 0 inspect application layer, 0 are decoder event only
9/9/2023 -- 07:32:19 - <Info> - Going to use 4 thread(s)
9/9/2023 -- 07:32:19 - <Info> - Using unix socket file '/var/run/suricata-command.socket'
9/9/2023 -- 07:32:19 - <Notice> - all 4 packet processing threads, 4 management threads initialized, engine started.
9/9/2023 -- 07:32:19 - <Info> - All AFP capture threads are running.
9/9/2023 -- 07:37:35 - <Notice> - Signal Received.  Stopping engine.
9/9/2023 -- 07:37:35 - <Info> - time elapsed 316.429s
9/9/2023 -- 07:37:35 - <Info> - Alerts: 0
9/9/2023 -- 07:37:36 - <Info> - cleaning up signature grouping structure... complete
9/9/2023 -- 07:37:36 - <Notice> - Stats for 'eth0':  pkts: 16, drop: 0 (0.00%), invalid chksum: 0
9/9/2023 -- 07:37:46 - <Notice> - This is Suricata version 6.0.4 RELEASE running in SYSTEM mode
9/9/2023 -- 07:37:46 - <Info> - CPUs/cores online: 4
9/9/2023 -- 07:37:46 - <Info> - Found an MTU of 1500 for 'eth0'
9/9/2023 -- 07:37:46 - <Info> - Found an MTU of 1500 for 'eth0'
9/9/2023 -- 07:37:46 - <Info> - fast output device (regular) initialized: fast.log
9/9/2023 -- 07:37:46 - <Info> - eve-log output device (regular) initialized: eve.json
9/9/2023 -- 07:37:46 - <Info> - stats output device (regular) initialized: stats.log
9/9/2023 -- 07:37:46 - <Info> - 1 rule files processed. 1 rules successfully loaded, 0 rules failed
9/9/2023 -- 07:37:46 - <Info> - Threshold config parsed: 0 rule(s) found
9/9/2023 -- 07:37:46 - <Info> - 1 signatures processed. 0 are IP-only rules, 1 are inspecting packet payload, 0 inspect application layer, 0 are decoder event only
9/9/2023 -- 07:37:46 - <Info> - Going to use 4 thread(s)
9/9/2023 -- 07:37:46 - <Info> - Using unix socket file '/var/run/suricata-command.socket'
9/9/2023 -- 07:37:46 - <Notice> - all 4 packet processing threads, 4 management threads initialized, engine started.
9/9/2023 -- 07:37:46 - <Info> - All AFP capture threads are running.
9/9/2023 -- 07:46:24 - <Notice> - Signal Received.  Stopping engine.
9/9/2023 -- 07:46:24 - <Info> - time elapsed 517.827s
9/9/2023 -- 07:46:24 - <Info> - Alerts: 0
9/9/2023 -- 07:46:24 - <Info> - cleaning up signature grouping structure... complete
9/9/2023 -- 07:46:24 - <Notice> - Stats for 'eth0':  pkts: 19, drop: 0 (0.00%), invalid chksum: 0
9/9/2023 -- 07:47:00 - <Notice> - This is Suricata version 6.0.4 RELEASE running in SYSTEM mode
9/9/2023 -- 07:47:00 - <Info> - CPUs/cores online: 4
9/9/2023 -- 07:47:00 - <Info> - Found an MTU of 1500 for 'eth0'
9/9/2023 -- 07:47:00 - <Info> - Found an MTU of 1500 for 'eth0'
9/9/2023 -- 07:47:00 - <Info> - fast output device (regular) initialized: fast.log
9/9/2023 -- 07:47:00 - <Info> - eve-log output device (regular) initialized: eve.json
9/9/2023 -- 07:47:00 - <Info> - stats output device (regular) initialized: stats.log
9/9/2023 -- 07:47:00 - <Info> - 1 rule files processed. 1 rules successfully loaded, 0 rules failed
9/9/2023 -- 07:47:00 - <Info> - Threshold config parsed: 0 rule(s) found
9/9/2023 -- 07:47:00 - <Info> - 1 signatures processed. 0 are IP-only rules, 1 are inspecting packet payload, 0 inspect application layer, 0 are decoder event only
9/9/2023 -- 07:47:00 - <Info> - Going to use 4 thread(s)
9/9/2023 -- 07:47:00 - <Info> - Using unix socket file '/var/run/suricata-command.socket'
9/9/2023 -- 07:47:00 - <Notice> - all 4 packet processing threads, 4 management threads initialized, engine started.
9/9/2023 -- 07:47:00 - <Info> - All AFP capture threads are running.
9/9/2023 -- 08:06:57 - <Notice> - Signal Received.  Stopping engine.
9/9/2023 -- 08:06:57 - <Info> - time elapsed 1197.049s
9/9/2023 -- 08:06:57 - <Info> - Alerts: 0
9/9/2023 -- 08:06:57 - <Info> - cleaning up signature grouping structure... complete
9/9/2023 -- 08:06:57 - <Notice> - Stats for 'eth0':  pkts: 19, drop: 0 (0.00%), invalid chksum: 0
9/9/2023 -- 08:07:13 - <Notice> - This is Suricata version 6.0.4 RELEASE running in SYSTEM mode
9/9/2023 -- 08:07:13 - <Info> - CPUs/cores online: 4
9/9/2023 -- 08:07:13 - <Info> - Found an MTU of 1500 for 'eth0'
9/9/2023 -- 08:07:13 - <Info> - Found an MTU of 1500 for 'eth0'
9/9/2023 -- 08:07:13 - <Info> - fast output device (regular) initialized: fast.log
9/9/2023 -- 08:07:13 - <Info> - eve-log output device (regular) initialized: eve.json
9/9/2023 -- 08:07:13 - <Info> - stats output device (regular) initialized: stats.log
9/9/2023 -- 08:07:13 - <Info> - 1 rule files processed. 1 rules successfully loaded, 0 rules failed
9/9/2023 -- 08:07:13 - <Info> - Threshold config parsed: 0 rule(s) found
9/9/2023 -- 08:07:13 - <Info> - 1 signatures processed. 0 are IP-only rules, 1 are inspecting packet payload, 0 inspect application layer, 0 are decoder event only
9/9/2023 -- 08:07:13 - <Info> - Going to use 4 thread(s)
9/9/2023 -- 08:07:13 - <Info> - Using unix socket file '/var/run/suricata-command.socket'
9/9/2023 -- 08:07:13 - <Notice> - all 4 packet processing threads, 4 management threads initialized, engine started.
9/9/2023 -- 08:07:13 - <Info> - All AFP capture threads are running.
9/9/2023 -- 08:13:50 - <Notice> - Signal Received.  Stopping engine.
9/9/2023 -- 08:13:50 - <Info> - time elapsed 396.893s
9/9/2023 -- 08:13:50 - <Info> - Alerts: 0
9/9/2023 -- 08:13:51 - <Info> - cleaning up signature grouping structure... complete
9/9/2023 -- 08:13:51 - <Notice> - Stats for 'eth0':  pkts: 18, drop: 0 (0.00%), invalid chksum: 0
9/9/2023 -- 08:14:12 - <Notice> - This is Suricata version 6.0.4 RELEASE running in SYSTEM mode
9/9/2023 -- 08:14:12 - <Info> - CPUs/cores online: 4
9/9/2023 -- 08:14:12 - <Info> - Found an MTU of 1500 for 'eth0'
9/9/2023 -- 08:14:12 - <Info> - Found an MTU of 1500 for 'eth0'
9/9/2023 -- 08:14:12 - <Info> - fast output device (regular) initialized: fast.log
9/9/2023 -- 08:14:12 - <Info> - eve-log output device (regular) initialized: eve.json
9/9/2023 -- 08:14:12 - <Info> - stats output device (regular) initialized: stats.log
9/9/2023 -- 08:14:12 - <Info> - 1 rule files processed. 1 rules successfully loaded, 0 rules failed
9/9/2023 -- 08:14:12 - <Info> - Threshold config parsed: 0 rule(s) found
9/9/2023 -- 08:14:12 - <Info> - 1 signatures processed. 0 are IP-only rules, 1 are inspecting packet payload, 0 inspect application layer, 0 are decoder event only
9/9/2023 -- 08:14:12 - <Info> - Going to use 4 thread(s)
9/9/2023 -- 08:14:12 - <Info> - Using unix socket file '/var/run/suricata-command.socket'
9/9/2023 -- 08:14:12 - <Notice> - all 4 packet processing threads, 4 management threads initialized, engine started.
9/9/2023 -- 08:14:12 - <Info> - All AFP capture threads are running.
9/9/2023 -- 08:22:05 - <Notice> - Signal Received.  Stopping engine.
9/9/2023 -- 08:22:05 - <Info> - time elapsed 472.900s
9/9/2023 -- 08:22:05 - <Info> - Alerts: 0
9/9/2023 -- 08:22:05 - <Info> - cleaning up signature grouping structure... complete
9/9/2023 -- 08:22:05 - <Notice> - Stats for 'eth0':  pkts: 18, drop: 0 (0.00%), invalid chksum: 0
9/9/2023 -- 08:22:19 - <Notice> - This is Suricata version 6.0.4 RELEASE running in SYSTEM mode
9/9/2023 -- 08:22:19 - <Info> - CPUs/cores online: 4
9/9/2023 -- 08:22:19 - <Info> - Found an MTU of 1500 for 'eth0'
9/9/2023 -- 08:22:19 - <Info> - Found an MTU of 1500 for 'eth0'
9/9/2023 -- 08:22:19 - <Info> - fast output device (regular) initialized: fast.log
9/9/2023 -- 08:22:19 - <Info> - eve-log output device (regular) initialized: eve.json
9/9/2023 -- 08:22:19 - <Info> - stats output device (regular) initialized: stats.log
9/9/2023 -- 08:22:19 - <Info> - 1 rule files processed. 1 rules successfully loaded, 0 rules failed
9/9/2023 -- 08:22:19 - <Info> - Threshold config parsed: 0 rule(s) found
9/9/2023 -- 08:22:19 - <Info> - 1 signatures processed. 0 are IP-only rules, 1 are inspecting packet payload, 0 inspect application layer, 0 are decoder event only
9/9/2023 -- 08:22:19 - <Info> - Going to use 4 thread(s)
9/9/2023 -- 08:22:19 - <Info> - Using unix socket file '/var/run/suricata-command.socket'
9/9/2023 -- 08:22:19 - <Notice> - all 4 packet processing threads, 4 management threads initialized, engine started.
9/9/2023 -- 08:22:19 - <Info> - All AFP capture threads are running.
9/9/2023 -- 08:31:18 - <Notice> - Signal Received.  Stopping engine.
9/9/2023 -- 08:31:19 - <Info> - time elapsed 539.988s
9/9/2023 -- 08:31:19 - <Info> - Alerts: 3
9/9/2023 -- 08:31:19 - <Info> - cleaning up signature grouping structure... complete
9/9/2023 -- 08:31:19 - <Notice> - Stats for 'eth0':  pkts: 217, drop: 0 (0.00%), invalid chksum: 0
9/9/2023 -- 08:31:28 - <Notice> - This is Suricata version 6.0.4 RELEASE running in SYSTEM mode
9/9/2023 -- 08:31:28 - <Info> - CPUs/cores online: 4
9/9/2023 -- 08:31:28 - <Info> - Found an MTU of 1500 for 'eth0'
9/9/2023 -- 08:31:28 - <Info> - Found an MTU of 1500 for 'eth0'
9/9/2023 -- 08:31:28 - <Info> - fast output device (regular) initialized: fast.log
9/9/2023 -- 08:31:28 - <Info> - eve-log output device (regular) initialized: eve.json
9/9/2023 -- 08:31:28 - <Info> - stats output device (regular) initialized: stats.log
9/9/2023 -- 08:31:28 - <Info> - 1 rule files processed. 1 rules successfully loaded, 0 rules failed
9/9/2023 -- 08:31:28 - <Info> - Threshold config parsed: 0 rule(s) found
9/9/2023 -- 08:31:28 - <Info> - 1 signatures processed. 0 are IP-only rules, 1 are inspecting packet payload, 0 inspect application layer, 0 are decoder event only
9/9/2023 -- 08:31:28 - <Info> - Going to use 4 thread(s)
9/9/2023 -- 08:31:28 - <Info> - Using unix socket file '/var/run/suricata-command.socket'
9/9/2023 -- 08:31:28 - <Notice> - all 4 packet processing threads, 4 management threads initialized, engine started.
9/9/2023 -- 08:31:28 - <Info> - All AFP capture threads are running.
9/9/2023 -- 08:42:41 - <Notice> - Signal Received.  Stopping engine.
9/9/2023 -- 08:42:41 - <Info> - time elapsed 672.510s
9/9/2023 -- 08:42:41 - <Info> - Alerts: 0
9/9/2023 -- 08:42:41 - <Info> - cleaning up signature grouping structure... complete
9/9/2023 -- 08:42:41 - <Notice> - Stats for 'eth0':  pkts: 17, drop: 0 (0.00%), invalid chksum: 0
9/9/2023 -- 08:42:51 - <Notice> - This is Suricata version 6.0.4 RELEASE running in SYSTEM mode
9/9/2023 -- 08:42:51 - <Info> - CPUs/cores online: 4
9/9/2023 -- 08:42:51 - <Info> - Found an MTU of 1500 for 'eth0'
9/9/2023 -- 08:42:51 - <Info> - Found an MTU of 1500 for 'eth0'
9/9/2023 -- 08:42:51 - <Info> - fast output device (regular) initialized: fast.log
9/9/2023 -- 08:42:51 - <Info> - eve-log output device (regular) initialized: eve.json
9/9/2023 -- 08:42:51 - <Info> - stats output device (regular) initialized: stats.log
9/9/2023 -- 08:42:51 - <Info> - 1 rule files processed. 1 rules successfully loaded, 0 rules failed
9/9/2023 -- 08:42:51 - <Info> - Threshold config parsed: 0 rule(s) found
9/9/2023 -- 08:42:51 - <Info> - 1 signatures processed. 0 are IP-only rules, 1 are inspecting packet payload, 0 inspect application layer, 0 are decoder event only
9/9/2023 -- 08:42:51 - <Info> - Going to use 4 thread(s)
9/9/2023 -- 08:42:51 - <Info> - Using unix socket file '/var/run/suricata-command.socket'
9/9/2023 -- 08:42:51 - <Notice> - all 4 packet processing threads, 4 management threads initialized, engine started.
9/9/2023 -- 08:42:51 - <Info> - All AFP capture threads are running.
9/9/2023 -- 08:43:33 - <Notice> - Signal Received.  Stopping engine.
9/9/2023 -- 08:43:33 - <Info> - time elapsed 41.602s
9/9/2023 -- 08:43:33 - <Info> - Alerts: 0
9/9/2023 -- 08:43:33 - <Info> - cleaning up signature grouping structure... complete
9/9/2023 -- 08:43:33 - <Notice> - Stats for 'eth0':  pkts: 13, drop: 0 (0.00%), invalid chksum: 0
9/9/2023 -- 08:43:46 - <Notice> - This is Suricata version 6.0.4 RELEASE running in SYSTEM mode
9/9/2023 -- 08:43:46 - <Info> - CPUs/cores online: 4
9/9/2023 -- 08:43:46 - <Info> - Found an MTU of 1500 for 'eth0'
9/9/2023 -- 08:43:46 - <Info> - Found an MTU of 1500 for 'eth0'
9/9/2023 -- 08:43:46 - <Info> - fast output device (regular) initialized: fast.log
9/9/2023 -- 08:43:46 - <Info> - eve-log output device (regular) initialized: eve.json
9/9/2023 -- 08:43:46 - <Info> - stats output device (regular) initialized: stats.log
9/9/2023 -- 08:43:46 - <Info> - 1 rule files processed. 1 rules successfully loaded, 0 rules failed
9/9/2023 -- 08:43:46 - <Info> - Threshold config parsed: 0 rule(s) found
9/9/2023 -- 08:43:46 - <Info> - 1 signatures processed. 0 are IP-only rules, 1 are inspecting packet payload, 0 inspect application layer, 0 are decoder event only
9/9/2023 -- 08:43:46 - <Info> - Going to use 4 thread(s)
9/9/2023 -- 08:43:46 - <Info> - Using unix socket file '/var/run/suricata-command.socket'
9/9/2023 -- 08:43:46 - <Notice> - all 4 packet processing threads, 4 management threads initialized, engine started.
9/9/2023 -- 08:43:46 - <Info> - All AFP capture threads are running.
9/9/2023 -- 08:48:44 - <Notice> - Signal Received.  Stopping engine.
9/9/2023 -- 08:48:44 - <Info> - time elapsed 298.081s
9/9/2023 -- 08:48:44 - <Info> - Alerts: 0
9/9/2023 -- 08:48:44 - <Info> - cleaning up signature grouping structure... complete
9/9/2023 -- 08:48:44 - <Notice> - Stats for 'eth0':  pkts: 18, drop: 0 (0.00%), invalid chksum: 0
9/9/2023 -- 08:48:53 - <Notice> - This is Suricata version 6.0.4 RELEASE running in SYSTEM mode
9/9/2023 -- 08:48:53 - <Info> - CPUs/cores online: 4
9/9/2023 -- 08:48:53 - <Info> - Found an MTU of 1500 for 'eth0'
9/9/2023 -- 08:48:53 - <Info> - Found an MTU of 1500 for 'eth0'
9/9/2023 -- 08:48:53 - <Info> - fast output device (regular) initialized: fast.log
9/9/2023 -- 08:48:53 - <Info> - eve-log output device (regular) initialized: eve.json
9/9/2023 -- 08:48:53 - <Info> - stats output device (regular) initialized: stats.log
9/9/2023 -- 08:48:53 - <Info> - 1 rule files processed. 1 rules successfully loaded, 0 rules failed
9/9/2023 -- 08:48:53 - <Info> - Threshold config parsed: 0 rule(s) found
9/9/2023 -- 08:48:53 - <Info> - 1 signatures processed. 0 are IP-only rules, 1 are inspecting packet payload, 0 inspect application layer, 0 are decoder event only
9/9/2023 -- 08:48:53 - <Info> - Going to use 4 thread(s)
9/9/2023 -- 08:48:53 - <Info> - Using unix socket file '/var/run/suricata-command.socket'
9/9/2023 -- 08:48:53 - <Notice> - all 4 packet processing threads, 4 management threads initialized, engine started.
9/9/2023 -- 08:48:54 - <Info> - All AFP capture threads are running.
9/9/2023 -- 09:03:04 - <Notice> - Signal Received.  Stopping engine.
9/9/2023 -- 09:03:05 - <Info> - time elapsed 851.109s
9/9/2023 -- 09:03:05 - <Info> - Alerts: 3
9/9/2023 -- 09:03:05 - <Info> - cleaning up signature grouping structure... complete
9/9/2023 -- 09:03:05 - <Notice> - Stats for 'eth0':  pkts: 251, drop: 0 (0.00%), invalid chksum: 0
9/9/2023 -- 09:03:18 - <Notice> - This is Suricata version 6.0.4 RELEASE running in SYSTEM mode
9/9/2023 -- 09:03:18 - <Info> - CPUs/cores online: 4
9/9/2023 -- 09:03:18 - <Info> - Found an MTU of 1500 for 'eth0'
9/9/2023 -- 09:03:18 - <Info> - Found an MTU of 1500 for 'eth0'
9/9/2023 -- 09:03:19 - <Info> - fast output device (regular) initialized: fast.log
9/9/2023 -- 09:03:19 - <Info> - eve-log output device (regular) initialized: eve.json
9/9/2023 -- 09:03:19 - <Info> - stats output device (regular) initialized: stats.log
9/9/2023 -- 09:03:19 - <Info> - 1 rule files processed. 1 rules successfully loaded, 0 rules failed
9/9/2023 -- 09:03:19 - <Info> - Threshold config parsed: 0 rule(s) found
9/9/2023 -- 09:03:19 - <Info> - 1 signatures processed. 0 are IP-only rules, 1 are inspecting packet payload, 0 inspect application layer, 0 are decoder event only
9/9/2023 -- 09:03:19 - <Info> - Going to use 4 thread(s)
9/9/2023 -- 09:03:19 - <Info> - Using unix socket file '/var/run/suricata-command.socket'
9/9/2023 -- 09:03:19 - <Notice> - all 4 packet processing threads, 4 management threads initialized, engine started.
9/9/2023 -- 09:03:19 - <Info> - All AFP capture threads are running.
9/9/2023 -- 09:23:41 - <Notice> - Signal Received.  Stopping engine.
9/9/2023 -- 09:23:41 - <Info> - time elapsed 1222.820s
9/9/2023 -- 09:23:41 - <Info> - Alerts: 1
9/9/2023 -- 09:23:42 - <Info> - cleaning up signature grouping structure... complete
9/9/2023 -- 09:23:42 - <Notice> - Stats for 'eth0':  pkts: 265, drop: 0 (0.00%), invalid chksum: 0
9/9/2023 -- 09:25:06 - <Notice> - This is Suricata version 6.0.4 RELEASE running in SYSTEM mode
9/9/2023 -- 09:25:06 - <Info> - CPUs/cores online: 4
9/9/2023 -- 09:25:06 - <Info> - Found an MTU of 1500 for 'eth0'
9/9/2023 -- 09:25:06 - <Info> - Found an MTU of 1500 for 'eth0'
9/9/2023 -- 09:25:06 - <Info> - fast output device (regular) initialized: fast.log
9/9/2023 -- 09:25:06 - <Info> - eve-log output device (regular) initialized: eve.json
9/9/2023 -- 09:25:06 - <Info> - stats output device (regular) initialized: stats.log
9/9/2023 -- 09:25:06 - <Info> - 1 rule files processed. 1 rules successfully loaded, 0 rules failed
9/9/2023 -- 09:25:06 - <Info> - Threshold config parsed: 0 rule(s) found
9/9/2023 -- 09:25:06 - <Info> - 1 signatures processed. 0 are IP-only rules, 1 are inspecting packet payload, 0 inspect application layer, 0 are decoder event only
9/9/2023 -- 09:25:06 - <Info> - Going to use 4 thread(s)
9/9/2023 -- 09:25:06 - <Info> - Using unix socket file '/var/run/suricata-command.socket'
9/9/2023 -- 09:25:06 - <Notice> - all 4 packet processing threads, 4 management threads initialized, engine started.
9/9/2023 -- 09:25:06 - <Info> - All AFP capture threads are running.
9/9/2023 -- 09:34:24 - <Notice> - Signal Received.  Stopping engine.
9/9/2023 -- 09:34:25 - <Info> - time elapsed 558.259s
9/9/2023 -- 09:34:25 - <Info> - Alerts: 4325
9/9/2023 -- 09:34:25 - <Info> - cleaning up signature grouping structure... complete
9/9/2023 -- 09:34:25 - <Notice> - Stats for 'eth0':  pkts: 10110, drop: 0 (0.00%), invalid chksum: 0
9/9/2023 -- 09:34:36 - <Notice> - This is Suricata version 6.0.4 RELEASE running in SYSTEM mode
9/9/2023 -- 09:34:36 - <Info> - CPUs/cores online: 4
9/9/2023 -- 09:34:36 - <Info> - Found an MTU of 1500 for 'eth0'
9/9/2023 -- 09:34:36 - <Info> - Found an MTU of 1500 for 'eth0'
9/9/2023 -- 09:34:36 - <Info> - fast output device (regular) initialized: fast.log
9/9/2023 -- 09:34:36 - <Info> - eve-log output device (regular) initialized: eve.json
9/9/2023 -- 09:34:36 - <Info> - stats output device (regular) initialized: stats.log
9/9/2023 -- 09:34:36 - <Info> - 1 rule files processed. 1 rules successfully loaded, 0 rules failed
9/9/2023 -- 09:34:36 - <Info> - Threshold config parsed: 0 rule(s) found
9/9/2023 -- 09:34:36 - <Info> - 1 signatures processed. 0 are IP-only rules, 1 are inspecting packet payload, 0 inspect application layer, 0 are decoder event only
9/9/2023 -- 09:34:36 - <Info> - Going to use 4 thread(s)
9/9/2023 -- 09:34:36 - <Info> - Using unix socket file '/var/run/suricata-command.socket'
9/9/2023 -- 09:34:36 - <Notice> - all 4 packet processing threads, 4 management threads initialized, engine started.
9/9/2023 -- 09:34:36 - <Info> - All AFP capture threads are running.
9/9/2023 -- 09:38:43 - <Notice> - Signal Received.  Stopping engine.
9/9/2023 -- 09:38:44 - <Info> - time elapsed 247.418s
9/9/2023 -- 09:38:44 - <Info> - Alerts: 15
9/9/2023 -- 09:38:44 - <Info> - cleaning up signature grouping structure... complete
9/9/2023 -- 09:38:44 - <Notice> - Stats for 'eth0':  pkts: 159, drop: 0 (0.00%), invalid chksum: 0
